-------------------------------------------------------------------------------
Test set: edu.eci.cvds.test.BibliotecaTest
-------------------------------------------------------------------------------
Tests run: 1, Failures: 0, Errors: 1, Skipped: 0, Time elapsed: 2.378 s <<< FAILURE! - in edu.eci.cvds.test.BibliotecaTest
deberiaregistrarRecurso(edu.eci.cvds.test.BibliotecaTest)  Time elapsed: 1.373 s  <<< ERROR!
edu.eci.cvds.Exceptions.BibliotecaException: Error al consultar recursos
	at edu.eci.cvds.test.BibliotecaTest.deberiaregistrarRecurso(BibliotecaTest.java:32)
Caused by: org.apache.ibatis.exceptions.PersistenceException: Error al consultar recursos mb
	at edu.eci.cvds.test.BibliotecaTest.deberiaregistrarRecurso(BibliotecaTest.java:32)
Caused by: org.apache.ibatis.exceptions.PersistenceException: 

### Error querying database.  Cause: org.postgresql.util.PSQLException: ERROR: column r.fecha does not exist
  Position: 119
### The error may exist in mappers/RecursoMapper.xml
### The error may involve defaultParameterMap
### The error occurred while setting parameters
### SQL: select             r.id_recursos,             r.nombre,             r.ubicacion,             r.capacidad,             r.fecha,             r.horario_inicial,             r.horario_final,             r.disponibilidad,             r.tiporecurso             FROM             recursos as r
### Cause: org.postgresql.util.PSQLException: ERROR: column r.fecha does not exist
  Position: 119
	at edu.eci.cvds.test.BibliotecaTest.deberiaregistrarRecurso(BibliotecaTest.java:32)
Caused by: org.postgresql.util.PSQLException: 
ERROR: column r.fecha does not exist
  Position: 119
	at edu.eci.cvds.test.BibliotecaTest.deberiaregistrarRecurso(BibliotecaTest.java:32)

